<?xml version="1.0" encoding="UTF-8"?>
<!-- Generated by org.testng.reporters.JUnitReportReporter -->
<testsuite hostname="DESKTOP-EI8VAKO" failures="0" tests="1" name="com.leaftaps.testcases.TC001_VerifyLogin" time="17.150" errors="0" timestamp="2025-07-22T11:22:39 IST" skipped="0">
  <testcase classname="com.leaftaps.testcases.TC001_VerifyLogin" name="runLogin" time="17.150"/>
  <system-out/>
</testsuite> <!-- com.leaftaps.testcases.TC001_VerifyLogin -->
