<?xml version="1.0" encoding="UTF-8"?>
<!-- Generated by org.testng.reporters.JUnitReportReporter -->
<testsuite hostname="DESKTOP-TNP0F5D" failures="0" tests="2" name="com.leaftaps.testcases.BDDTC001_VerifyLogin" time="46.517" errors="0" timestamp="2025-10-31T13:30:16 IST" skipped="0">
  <testcase classname="com.leaftaps.testcases.BDDTC001_VerifyLogin" name="runScenario" time="24.494"/>
  <system-out/>
  <testcase classname="com.leaftaps.testcases.BDDTC001_VerifyLogin" name="runScenario" time="22.023"/>
  <system-out/>
</testsuite> <!-- com.leaftaps.testcases.BDDTC001_VerifyLogin -->
